<?xml version="1.0" encoding="UTF-8"?>
<testsuite xmlns:xsi="http://www.w3.org/2001/XMLSchema-instance" xsi:noNamespaceSchemaLocation="https://maven.apache.org/surefire/maven-surefire-plugin/xsd/surefire-test-report.xsd" name="com.matthew.q1.RomanNumeralsTest" time="0.058" tests="8" errors="0" skipped="0" failures="0">
  <properties>
    <property name="java.specification.version" value="21"/>
    <property name="sun.jnu.encoding" value="UTF-8"/>
    <property name="java.class.path" value="/home/matthewnesbitt/gitrepos/3S03-A2/question1/target/test-classes:/home/matthewnesbitt/gitrepos/3S03-A2/question1/target/classes:/home/matthewnesbitt/.m2/repository/junit/junit/4.11/junit-4.11.jar:/home/matthewnesbitt/.m2/repository/org/hamcrest/hamcrest-core/1.3/hamcrest-core-1.3.jar:/home/matthewnesbitt/.m2/repository/org/jacoco/jacoco-maven-plugin/0.8.11/jacoco-maven-plugin-0.8.11.jar:/home/matthewnesbitt/.m2/repository/org/codehaus/plexus/plexus-utils/3.0.24/plexus-utils-3.0.24.jar:/home/matthewnesbitt/.m2/repository/org/apache/maven/shared/file-management/3.1.0/file-management-3.1.0.jar:/home/matthewnesbitt/.m2/repository/org/slf4j/slf4j-api/1.7.36/slf4j-api-1.7.36.jar:/home/matthewnesbitt/.m2/repository/commons-io/commons-io/2.11.0/commons-io-2.11.0.jar:/home/matthewnesbitt/.m2/repository/org/apache/maven/reporting/maven-reporting-api/3.0/maven-reporting-api-3.0.jar:/home/matthewnesbitt/.m2/repository/org/apache/maven/doxia/doxia-sink-api/1.0/doxia-sink-api-1.0.jar:/home/matthewnesbitt/.m2/repository/org/jacoco/org.jacoco.agent/0.8.11/org.jacoco.agent-0.8.11-runtime.jar:/home/matthewnesbitt/.m2/repository/org/jacoco/org.jacoco.core/0.8.11/org.jacoco.core-0.8.11.jar:/home/matthewnesbitt/.m2/repository/org/ow2/asm/asm/9.6/asm-9.6.jar:/home/matthewnesbitt/.m2/repository/org/ow2/asm/asm-commons/9.6/asm-commons-9.6.jar:/home/matthewnesbitt/.m2/repository/org/ow2/asm/asm-tree/9.6/asm-tree-9.6.jar:/home/matthewnesbitt/.m2/repository/org/jacoco/org.jacoco.report/0.8.11/org.jacoco.report-0.8.11.jar:"/>
    <property name="java.vm.vendor" value="Red Hat, Inc."/>
    <property name="sun.arch.data.model" value="64"/>
    <property name="java.vendor.url" value="https://www.redhat.com/"/>
    <property name="os.name" value="Linux"/>
    <property name="java.vm.specification.version" value="21"/>
    <property name="sun.java.launcher" value="SUN_STANDARD"/>
    <property name="user.country" value="CA"/>
    <property name="sun.boot.library.path" value="/usr/lib/jvm/java-21-openjdk/lib"/>
    <property name="sun.java.command" value="/home/matthewnesbitt/gitrepos/3S03-A2/question1/target/surefire/surefirebooter12359824977114469516.jar /home/matthewnesbitt/gitrepos/3S03-A2/question1/target/surefire 2025-03-06T12-50-26_959-jvmRun1 surefire13571672025788793330tmp surefire_017729295675662868954tmp"/>
    <property name="jdk.debug" value="release"/>
    <property name="surefire.test.class.path" value="/home/matthewnesbitt/gitrepos/3S03-A2/question1/target/test-classes:/home/matthewnesbitt/gitrepos/3S03-A2/question1/target/classes:/home/matthewnesbitt/.m2/repository/junit/junit/4.11/junit-4.11.jar:/home/matthewnesbitt/.m2/repository/org/hamcrest/hamcrest-core/1.3/hamcrest-core-1.3.jar:/home/matthewnesbitt/.m2/repository/org/jacoco/jacoco-maven-plugin/0.8.11/jacoco-maven-plugin-0.8.11.jar:/home/matthewnesbitt/.m2/repository/org/codehaus/plexus/plexus-utils/3.0.24/plexus-utils-3.0.24.jar:/home/matthewnesbitt/.m2/repository/org/apache/maven/shared/file-management/3.1.0/file-management-3.1.0.jar:/home/matthewnesbitt/.m2/repository/org/slf4j/slf4j-api/1.7.36/slf4j-api-1.7.36.jar:/home/matthewnesbitt/.m2/repository/commons-io/commons-io/2.11.0/commons-io-2.11.0.jar:/home/matthewnesbitt/.m2/repository/org/apache/maven/reporting/maven-reporting-api/3.0/maven-reporting-api-3.0.jar:/home/matthewnesbitt/.m2/repository/org/apache/maven/doxia/doxia-sink-api/1.0/doxia-sink-api-1.0.jar:/home/matthewnesbitt/.m2/repository/org/jacoco/org.jacoco.agent/0.8.11/org.jacoco.agent-0.8.11-runtime.jar:/home/matthewnesbitt/.m2/repository/org/jacoco/org.jacoco.core/0.8.11/org.jacoco.core-0.8.11.jar:/home/matthewnesbitt/.m2/repository/org/ow2/asm/asm/9.6/asm-9.6.jar:/home/matthewnesbitt/.m2/repository/org/ow2/asm/asm-commons/9.6/asm-commons-9.6.jar:/home/matthewnesbitt/.m2/repository/org/ow2/asm/asm-tree/9.6/asm-tree-9.6.jar:/home/matthewnesbitt/.m2/repository/org/jacoco/org.jacoco.report/0.8.11/org.jacoco.report-0.8.11.jar:"/>
    <property name="sun.cpu.endian" value="little"/>
    <property name="user.home" value="/home/matthewnesbitt"/>
    <property name="user.language" value="en"/>
    <property name="java.specification.vendor" value="Oracle Corporation"/>
    <property name="java.version.date" value="2025-01-21"/>
    <property name="java.home" value="/usr/lib/jvm/java-21-openjdk"/>
    <property name="file.separator" value="/"/>
    <property name="basedir" value="/home/matthewnesbitt/gitrepos/3S03-A2/question1"/>
    <property name="java.vm.compressedOopsMode" value="Zero based"/>
    <property name="line.separator" value="&#10;"/>
    <property name="java.specification.name" value="Java Platform API Specification"/>
    <property name="java.vm.specification.vendor" value="Oracle Corporation"/>
    <property name="surefire.real.class.path" value="/home/matthewnesbitt/gitrepos/3S03-A2/question1/target/surefire/surefirebooter12359824977114469516.jar"/>
    <property name="sun.management.compiler" value="HotSpot 64-Bit Tiered Compilers"/>
    <property name="java.runtime.version" value="21.0.6+7"/>
    <property name="user.name" value="matthewnesbitt"/>
    <property name="stdout.encoding" value="UTF-8"/>
    <property name="path.separator" value=":"/>
    <property name="os.version" value="6.13.4-200.fc41.x86_64"/>
    <property name="java.runtime.name" value="OpenJDK Runtime Environment"/>
    <property name="file.encoding" value="UTF-8"/>
    <property name="java.vm.name" value="OpenJDK 64-Bit Server VM"/>
    <property name="java.vendor.version" value="(Red_Hat-21.0.6.0.7-1)"/>
    <property name="localRepository" value="/home/matthewnesbitt/.m2/repository"/>
    <property name="java.vendor.url.bug" value="https://bugzilla.redhat.com/enter_bug.cgi?product=Fedora&amp;component=java-21-openjdk&amp;version=40"/>
    <property name="java.io.tmpdir" value="/tmp"/>
    <property name="java.version" value="21.0.6"/>
    <property name="user.dir" value="/home/matthewnesbitt/gitrepos/3S03-A2/question1"/>
    <property name="os.arch" value="amd64"/>
    <property name="java.vm.specification.name" value="Java Virtual Machine Specification"/>
    <property name="native.encoding" value="UTF-8"/>
    <property name="java.library.path" value="/usr/java/packages/lib:/usr/lib64:/lib64:/lib:/usr/lib"/>
    <property name="java.vm.info" value="mixed mode, sharing"/>
    <property name="stderr.encoding" value="UTF-8"/>
    <property name="java.vendor" value="Red Hat, Inc."/>
    <property name="java.vm.version" value="21.0.6+7"/>
    <property name="sun.io.unicode.encoding" value="UnicodeLittle"/>
    <property name="java.class.version" value="65.0"/>
  </properties>
  <testcase name="testInstantiation" classname="com.matthew.q1.RomanNumeralsTest" time="0.004"/>
  <testcase name="testEight" classname="com.matthew.q1.RomanNumeralsTest" time="0"/>
  <testcase name="testThree" classname="com.matthew.q1.RomanNumeralsTest" time="0"/>
  <testcase name="testFour" classname="com.matthew.q1.RomanNumeralsTest" time="0"/>
  <testcase name="testNine" classname="com.matthew.q1.RomanNumeralsTest" time="0"/>
  <testcase name="testZero" classname="com.matthew.q1.RomanNumeralsTest" time="0"/>
  <testcase name="testHundred" classname="com.matthew.q1.RomanNumeralsTest" time="0"/>
  <testcase name="testNineNine" classname="com.matthew.q1.RomanNumeralsTest" time="0"/>
</testsuite>